d:\hoc tap\hk3-n1\ktlt\code\hauting snake\hauting snake\hauting snake\x64\debug\vc143.pdb
d:\hoc tap\hk3-n1\ktlt\code\hauting snake\hauting snake\hauting snake\x64\debug\vc143.idb
d:\hoc tap\hk3-n1\ktlt\code\hauting snake\hauting snake\hauting snake\x64\debug\wall.obj
d:\hoc tap\hk3-n1\ktlt\code\hauting snake\hauting snake\hauting snake\x64\debug\snake.obj
d:\hoc tap\hk3-n1\ktlt\code\hauting snake\hauting snake\hauting snake\x64\debug\score.obj
d:\hoc tap\hk3-n1\ktlt\code\hauting snake\hauting snake\hauting snake\x64\debug\move.obj
d:\hoc tap\hk3-n1\ktlt\code\hauting snake\hauting snake\hauting snake\x64\debug\menu.obj
d:\hoc tap\hk3-n1\ktlt\code\hauting snake\hauting snake\hauting snake\x64\debug\main.obj
d:\hoc tap\hk3-n1\ktlt\code\hauting snake\hauting snake\hauting snake\x64\debug\function.obj
d:\hoc tap\hk3-n1\ktlt\code\hauting snake\hauting snake\hauting snake\x64\debug\food.obj
d:\hoc tap\hk3-n1\ktlt\code\hauting snake\hauting snake\hauting snake\x64\debug\fixconsole.obj
d:\hoc tap\hk3-n1\ktlt\code\hauting snake\hauting snake\hauting snake\x64\debug\draw.obj
d:\hoc tap\hk3-n1\ktlt\code\hauting snake\hauting snake\hauting snake\x64\debug\audio.obj
d:\hoc tap\hk3-n1\ktlt\hauting snake\hauting snake\x64\debug\vc143.pdb
d:\hoc tap\hk3-n1\ktlt\hauting snake\hauting snake\x64\debug\vc143.idb
d:\hoc tap\hk3-n1\ktlt\hauting snake\hauting snake\x64\debug\wall.obj
d:\hoc tap\hk3-n1\ktlt\hauting snake\hauting snake\x64\debug\snake.obj
d:\hoc tap\hk3-n1\ktlt\hauting snake\hauting snake\x64\debug\score.obj
d:\hoc tap\hk3-n1\ktlt\hauting snake\hauting snake\x64\debug\move.obj
d:\hoc tap\hk3-n1\ktlt\hauting snake\hauting snake\x64\debug\menu.obj
d:\hoc tap\hk3-n1\ktlt\hauting snake\hauting snake\x64\debug\main.obj
d:\hoc tap\hk3-n1\ktlt\hauting snake\hauting snake\x64\debug\function.obj
d:\hoc tap\hk3-n1\ktlt\hauting snake\hauting snake\x64\debug\food.obj
d:\hoc tap\hk3-n1\ktlt\hauting snake\hauting snake\x64\debug\fixconsole.obj
d:\hoc tap\hk3-n1\ktlt\hauting snake\hauting snake\x64\debug\draw.obj
d:\hoc tap\hk3-n1\ktlt\hauting snake\hauting snake\x64\debug\audio.obj
d:\hoc tap\hk3-n1\ktlt\code\hauting snake\hauting snake\hauting snake\x64\debug\hauting snake.ilk
d:\hoc tap\hk3-n1\ktlt\code\hauting snake\hauting snake\x64\debug\hauting snake.exe
d:\hoc tap\hk3-n1\ktlt\code\hauting snake\hauting snake\x64\debug\hauting snake.pdb
d:\hoc tap\hk3-n1\ktlt\hauting snake\x64\debug\hauting snake.exe
d:\hoc tap\hk3-n1\ktlt\hauting snake\hauting snake\x64\debug\hauting snake.ilk
d:\hoc tap\hk3-n1\ktlt\hauting snake\x64\debug\hauting snake.pdb
d:\hoc tap\hk3-n1\ktlt\hauting snake\hauting snake\x64\debug\hauting snake.tlog\cl.command.1.tlog
d:\hoc tap\hk3-n1\ktlt\hauting snake\hauting snake\x64\debug\hauting snake.tlog\cl.read.1.tlog
d:\hoc tap\hk3-n1\ktlt\hauting snake\hauting snake\x64\debug\hauting snake.tlog\cl.write.1.tlog
d:\hoc tap\hk3-n1\ktlt\hauting snake\hauting snake\x64\debug\hauting snake.tlog\link.command.1.tlog
d:\hoc tap\hk3-n1\ktlt\hauting snake\hauting snake\x64\debug\hauting snake.tlog\link.read.1.tlog
d:\hoc tap\hk3-n1\ktlt\hauting snake\hauting snake\x64\debug\hauting snake.tlog\link.write.1.tlog
